<?xml version="1.0" encoding="UTF-8"?>
<!-- Generated by org.testng.reporters.JUnitReportReporter -->
<testsuite hostname="LAPTOP-2HONH5K1" failures="0" tests="1" name="testCases.Test_3" time="0.014" errors="0" timestamp="2023-06-16T13:37:01 IST" skipped="0">
  <testcase classname="testCases.Test_3" name="google" time="0.014"/>
  <system-out/>
</testsuite> <!-- testCases.Test_3 -->
