<?xml version="1.0" encoding="UTF-8"?>
<!-- Generated by org.testng.reporters.JUnitReportReporter -->
<testsuite hostname="LAPTOP-2HONH5K1" failures="0" tests="1" name="testCases.Test_1" time="7.381" errors="0" timestamp="2023-06-14T22:59:33 IST" skipped="0">
  <testcase classname="testCases.Test_1" name="Test1" time="7.381"/>
  <system-out/>
</testsuite> <!-- testCases.Test_1 -->
